mode: set
BE-hi-SPEC/features/product/service/service.go:16.48,20.2 1 1
BE-hi-SPEC/features/product/service/service.go:23.130,25.16 2 1
BE-hi-SPEC/features/product/service/service.go:25.16,27.3 1 1
BE-hi-SPEC/features/product/service/service.go:28.2,28.21 1 1
BE-hi-SPEC/features/product/service/service.go:28.21,30.3 1 1
BE-hi-SPEC/features/product/service/service.go:31.2,31.26 1 1
BE-hi-SPEC/features/product/service/service.go:31.26,33.3 1 1
BE-hi-SPEC/features/product/service/service.go:34.2,35.16 2 1
BE-hi-SPEC/features/product/service/service.go:35.16,37.3 1 1
BE-hi-SPEC/features/product/service/service.go:39.2,39.20 1 1
BE-hi-SPEC/features/product/service/service.go:43.153,45.20 1 1
BE-hi-SPEC/features/product/service/service.go:45.20,47.3 1 1
BE-hi-SPEC/features/product/service/service.go:48.2,49.15 2 1
BE-hi-SPEC/features/product/service/service.go:49.15,51.3 1 1
BE-hi-SPEC/features/product/service/service.go:52.2,52.16 1 1
BE-hi-SPEC/features/product/service/service.go:52.16,54.3 1 1
BE-hi-SPEC/features/product/service/service.go:57.2,57.20 1 1
BE-hi-SPEC/features/product/service/service.go:57.20,59.3 1 1
BE-hi-SPEC/features/product/service/service.go:60.2,61.16 2 1
BE-hi-SPEC/features/product/service/service.go:61.16,63.3 1 1
BE-hi-SPEC/features/product/service/service.go:64.2,65.16 2 1
BE-hi-SPEC/features/product/service/service.go:65.16,67.3 1 1
BE-hi-SPEC/features/product/service/service.go:69.2,69.33 1 1
BE-hi-SPEC/features/product/service/service.go:73.81,75.16 2 1
BE-hi-SPEC/features/product/service/service.go:75.16,77.3 1 1
BE-hi-SPEC/features/product/service/service.go:78.2,78.21 1 1
BE-hi-SPEC/features/product/service/service.go:81.115,83.16 2 1
BE-hi-SPEC/features/product/service/service.go:83.16,85.3 1 1
BE-hi-SPEC/features/product/service/service.go:86.2,86.26 1 1
BE-hi-SPEC/features/product/service/service.go:86.26,88.3 1 1
BE-hi-SPEC/features/product/service/service.go:90.2,91.16 2 1
BE-hi-SPEC/features/product/service/service.go:91.16,93.3 1 1
BE-hi-SPEC/features/product/service/service.go:95.2,95.20 1 1
BE-hi-SPEC/features/product/service/service.go:99.94,101.16 2 1
BE-hi-SPEC/features/product/service/service.go:101.16,103.3 1 1
BE-hi-SPEC/features/product/service/service.go:104.2,104.31 1 1
BE-hi-SPEC/features/product/service/service.go:107.85,109.16 2 1
BE-hi-SPEC/features/product/service/service.go:109.16,111.3 1 1
BE-hi-SPEC/features/product/service/service.go:112.2,112.26 1 1
BE-hi-SPEC/features/product/service/service.go:112.26,114.3 1 1
BE-hi-SPEC/features/product/service/service.go:115.2,116.12 2 1
BE-hi-SPEC/features/transaction/service/service.go:15.56,19.2 1 1
BE-hi-SPEC/features/transaction/service/service.go:21.139,23.16 2 1
BE-hi-SPEC/features/transaction/service/service.go:23.16,25.3 1 1
BE-hi-SPEC/features/transaction/service/service.go:26.2,26.26 1 1
BE-hi-SPEC/features/transaction/service/service.go:26.26,28.3 1 1
BE-hi-SPEC/features/transaction/service/service.go:29.2,30.16 2 1
BE-hi-SPEC/features/transaction/service/service.go:30.16,32.3 1 1
BE-hi-SPEC/features/transaction/service/service.go:33.2,33.31 1 1
BE-hi-SPEC/features/transaction/service/service.go:36.129,38.16 2 1
BE-hi-SPEC/features/transaction/service/service.go:38.16,40.3 1 1
BE-hi-SPEC/features/transaction/service/service.go:41.2,41.21 1 1
BE-hi-SPEC/features/transaction/service/service.go:41.21,43.3 1 1
BE-hi-SPEC/features/transaction/service/service.go:44.2,45.16 2 1
BE-hi-SPEC/features/transaction/service/service.go:45.16,47.3 1 1
BE-hi-SPEC/features/transaction/service/service.go:48.2,48.20 1 1
BE-hi-SPEC/features/transaction/service/service.go:51.133,53.16 2 1
BE-hi-SPEC/features/transaction/service/service.go:53.16,55.3 1 1
BE-hi-SPEC/features/transaction/service/service.go:56.2,56.26 1 1
BE-hi-SPEC/features/transaction/service/service.go:56.26,58.3 1 1
BE-hi-SPEC/features/transaction/service/service.go:59.2,60.16 2 1
BE-hi-SPEC/features/transaction/service/service.go:60.16,62.3 1 1
BE-hi-SPEC/features/transaction/service/service.go:63.2,63.31 1 1
BE-hi-SPEC/features/transaction/service/service.go:66.128,68.16 2 1
BE-hi-SPEC/features/transaction/service/service.go:68.16,70.3 1 1
BE-hi-SPEC/features/transaction/service/service.go:71.2,71.26 1 1
BE-hi-SPEC/features/transaction/service/service.go:71.26,73.3 1 1
BE-hi-SPEC/features/transaction/service/service.go:74.2,75.16 2 1
BE-hi-SPEC/features/transaction/service/service.go:75.16,77.3 1 1
BE-hi-SPEC/features/transaction/service/service.go:79.2,79.19 1 1
BE-hi-SPEC/features/transaction/service/service.go:79.19,81.3 1 0
BE-hi-SPEC/features/transaction/service/service.go:83.2,83.21 1 1
BE-hi-SPEC/features/transaction/service/service.go:86.108,88.16 2 1
BE-hi-SPEC/features/transaction/service/service.go:88.16,90.3 1 1
BE-hi-SPEC/features/transaction/service/service.go:92.2,92.19 1 1
BE-hi-SPEC/features/transaction/service/service.go:92.19,94.3 1 0
BE-hi-SPEC/features/transaction/service/service.go:96.2,96.21 1 1
BE-hi-SPEC/features/transaction/service/service.go:99.122,101.16 2 1
BE-hi-SPEC/features/transaction/service/service.go:101.16,103.3 1 1
BE-hi-SPEC/features/transaction/service/service.go:104.2,104.26 1 1
BE-hi-SPEC/features/transaction/service/service.go:104.26,106.3 1 1
BE-hi-SPEC/features/transaction/service/service.go:107.2,108.16 2 1
BE-hi-SPEC/features/transaction/service/service.go:108.16,110.3 1 1
BE-hi-SPEC/features/transaction/service/service.go:111.2,111.20 1 1
BE-hi-SPEC/features/transaction/service/service.go:114.102,116.16 2 1
BE-hi-SPEC/features/transaction/service/service.go:116.16,118.3 1 1
BE-hi-SPEC/features/transaction/service/service.go:119.2,120.17 2 1
BE-hi-SPEC/features/transaction/service/service.go:120.17,122.3 1 1
BE-hi-SPEC/features/transaction/service/service.go:123.2,123.12 1 1
BE-hi-SPEC/features/transaction/service/service.go:126.92,128.16 2 1
BE-hi-SPEC/features/transaction/service/service.go:128.16,130.3 1 1
BE-hi-SPEC/features/transaction/service/service.go:131.2,131.12 1 1
BE-hi-SPEC/features/user/service/service.go:18.66,23.2 1 1
BE-hi-SPEC/features/user/service/service.go:26.80,27.35 1 1
BE-hi-SPEC/features/user/service/service.go:27.35,29.3 1 1
BE-hi-SPEC/features/user/service/service.go:30.2,32.16 2 1
BE-hi-SPEC/features/user/service/service.go:32.16,33.49 1 1
BE-hi-SPEC/features/user/service/service.go:33.49,35.4 1 1
BE-hi-SPEC/features/user/service/service.go:36.3,36.57 1 1
BE-hi-SPEC/features/user/service/service.go:39.2,41.16 2 1
BE-hi-SPEC/features/user/service/service.go:41.16,43.3 1 1
BE-hi-SPEC/features/user/service/service.go:45.2,45.20 1 1
BE-hi-SPEC/features/user/service/service.go:49.71,50.25 1 1
BE-hi-SPEC/features/user/service/service.go:50.25,52.3 1 1
BE-hi-SPEC/features/user/service/service.go:53.2,53.24 1 1
BE-hi-SPEC/features/user/service/service.go:53.24,55.3 1 1
BE-hi-SPEC/features/user/service/service.go:56.2,56.27 1 1
BE-hi-SPEC/features/user/service/service.go:56.27,58.3 1 1
BE-hi-SPEC/features/user/service/service.go:59.2,59.31 1 1
BE-hi-SPEC/features/user/service/service.go:59.31,61.3 1 1
BE-hi-SPEC/features/user/service/service.go:62.2,62.28 1 1
BE-hi-SPEC/features/user/service/service.go:62.28,64.3 1 1
BE-hi-SPEC/features/user/service/service.go:66.2,68.16 2 1
BE-hi-SPEC/features/user/service/service.go:68.16,70.3 1 1
BE-hi-SPEC/features/user/service/service.go:72.2,75.16 3 1
BE-hi-SPEC/features/user/service/service.go:75.16,76.49 1 1
BE-hi-SPEC/features/user/service/service.go:76.49,78.4 1 1
BE-hi-SPEC/features/user/service/service.go:79.3,79.66 1 1
BE-hi-SPEC/features/user/service/service.go:82.2,82.20 1 1
BE-hi-SPEC/features/user/service/service.go:86.95,88.16 2 1
BE-hi-SPEC/features/user/service/service.go:88.16,90.3 1 1
BE-hi-SPEC/features/user/service/service.go:91.2,91.21 1 1
BE-hi-SPEC/features/user/service/service.go:91.21,93.3 1 1
BE-hi-SPEC/features/user/service/service.go:95.2,95.48 1 1
BE-hi-SPEC/features/user/service/service.go:95.48,97.3 1 1
BE-hi-SPEC/features/user/service/service.go:99.2,100.16 2 1
BE-hi-SPEC/features/user/service/service.go:100.16,102.3 1 1
BE-hi-SPEC/features/user/service/service.go:103.2,103.50 1 1
BE-hi-SPEC/features/user/service/service.go:103.50,106.17 2 1
BE-hi-SPEC/features/user/service/service.go:106.17,108.4 1 1
BE-hi-SPEC/features/user/service/service.go:111.2,111.29 1 1
BE-hi-SPEC/features/user/service/service.go:111.29,112.51 1 1
BE-hi-SPEC/features/user/service/service.go:112.51,114.4 1 1
BE-hi-SPEC/features/user/service/service.go:115.3,116.17 2 1
BE-hi-SPEC/features/user/service/service.go:116.17,118.4 1 1
BE-hi-SPEC/features/user/service/service.go:119.3,119.30 1 1
BE-hi-SPEC/features/user/service/service.go:122.2,123.16 2 1
BE-hi-SPEC/features/user/service/service.go:123.16,126.3 1 1
BE-hi-SPEC/features/user/service/service.go:127.2,127.21 1 1
BE-hi-SPEC/features/user/service/service.go:131.77,133.16 2 1
BE-hi-SPEC/features/user/service/service.go:133.16,135.3 1 1
BE-hi-SPEC/features/user/service/service.go:136.2,136.21 1 1
BE-hi-SPEC/features/user/service/service.go:136.21,138.3 1 1
BE-hi-SPEC/features/user/service/service.go:139.2,139.46 1 1
BE-hi-SPEC/features/user/service/service.go:139.46,141.3 1 1
BE-hi-SPEC/features/user/service/service.go:142.2,143.16 2 1
BE-hi-SPEC/features/user/service/service.go:143.16,145.3 1 1
BE-hi-SPEC/features/user/service/service.go:146.2,146.54 1 1
BE-hi-SPEC/features/user/service/service.go:146.54,148.3 1 1
BE-hi-SPEC/features/user/service/service.go:149.2,150.16 2 1
BE-hi-SPEC/features/user/service/service.go:150.16,152.3 1 1
BE-hi-SPEC/features/user/service/service.go:154.2,154.12 1 1
BE-hi-SPEC/features/user/service/service.go:157.106,159.16 2 1
BE-hi-SPEC/features/user/service/service.go:159.16,161.3 1 1
BE-hi-SPEC/features/user/service/service.go:162.2,162.26 1 1
BE-hi-SPEC/features/user/service/service.go:162.26,164.3 1 1
BE-hi-SPEC/features/user/service/service.go:165.2,166.16 2 1
BE-hi-SPEC/features/user/service/service.go:166.16,168.3 1 1
BE-hi-SPEC/features/user/service/service.go:169.2,169.30 1 1
BE-hi-SPEC/features/user/service/service.go:172.99,174.16 2 1
BE-hi-SPEC/features/user/service/service.go:174.16,176.3 1 1
BE-hi-SPEC/features/user/service/service.go:177.2,177.21 1 1
BE-hi-SPEC/features/user/service/service.go:177.21,179.3 1 1
BE-hi-SPEC/features/user/service/service.go:180.2,181.16 2 1
BE-hi-SPEC/features/user/service/service.go:181.16,182.49 1 1
BE-hi-SPEC/features/user/service/service.go:182.49,184.4 1 1
BE-hi-SPEC/features/user/service/service.go:185.3,185.70 1 1
BE-hi-SPEC/features/user/service/service.go:187.2,187.23 1 1
BE-hi-SPEC/features/user/service/service.go:190.79,192.16 2 1
BE-hi-SPEC/features/user/service/service.go:192.16,194.3 1 1
BE-hi-SPEC/features/user/service/service.go:195.2,195.21 1 1
BE-hi-SPEC/features/user/service/service.go:195.21,197.3 1 1
BE-hi-SPEC/features/user/service/service.go:198.2,199.23 2 1
BE-hi-SPEC/features/user/service/service.go:202.83,204.16 2 1
BE-hi-SPEC/features/user/service/service.go:204.16,206.3 1 1
BE-hi-SPEC/features/user/service/service.go:208.2,208.12 1 1
BE-hi-SPEC/features/user/service/service.go:211.119,213.16 2 1
BE-hi-SPEC/features/user/service/service.go:213.16,215.3 1 1
BE-hi-SPEC/features/user/service/service.go:216.2,216.26 1 1
BE-hi-SPEC/features/user/service/service.go:216.26,218.3 1 1
BE-hi-SPEC/features/user/service/service.go:219.2,220.16 2 1
BE-hi-SPEC/features/user/service/service.go:220.16,222.3 1 1
BE-hi-SPEC/features/user/service/service.go:223.2,223.31 1 1
